[debug] [2024-06-10T01:09:53.511Z] ----------------------------------------------------------------------
[debug] [2024-06-10T01:09:53.513Z] Command:       C:\Program Files\nodejs\node.exe C:\Users\aaron\AppData\Roaming\npm\node_modules\firebase-tools\lib\bin\firebase.js deploy
[debug] [2024-06-10T01:09:53.513Z] CLI Version:   13.11.2
[debug] [2024-06-10T01:09:53.513Z] Platform:      win32
[debug] [2024-06-10T01:09:53.513Z] Node Version:  v18.14.2
[debug] [2024-06-10T01:09:53.514Z] Time:          Sun Jun 09 2024 18:09:53 GMT-0700 (Pacific Daylight Time)
[debug] [2024-06-10T01:09:53.514Z] ----------------------------------------------------------------------
[debug] 
[debug] [2024-06-10T01:09:53.602Z] > command requires scopes: ["email","openid","https://www.googleapis.com/auth/cloudplatformprojects.readonly","https://www.googleapis.com/auth/firebase","https://www.googleapis.com/auth/cloud-platform"]
[debug] [2024-06-10T01:09:53.603Z] > authorizing via signed-in user (searlesbaseball22@gmail.com)
[debug] [2024-06-10T01:09:53.603Z] [iam] checking project searles-website for permissions ["cloudfunctions.functions.create","cloudfunctions.functions.delete","cloudfunctions.functions.get","cloudfunctions.functions.list","cloudfunctions.functions.update","cloudfunctions.operations.get","datastore.indexes.create","datastore.indexes.delete","datastore.indexes.list","datastore.indexes.update","firebase.projects.get","firebasedatabase.instances.update","firebasehosting.sites.update"]
[debug] [2024-06-10T01:09:53.605Z] >>> [apiv2][query] POST https://cloudresourcemanager.googleapis.com/v1/projects/searles-website:testIamPermissions [none]
[debug] [2024-06-10T01:09:53.606Z] >>> [apiv2][(partial)header] POST https://cloudresourcemanager.googleapis.com/v1/projects/searles-website:testIamPermissions x-goog-quota-user=projects/searles-website
[debug] [2024-06-10T01:09:53.606Z] >>> [apiv2][body] POST https://cloudresourcemanager.googleapis.com/v1/projects/searles-website:testIamPermissions {"permissions":["cloudfunctions.functions.create","cloudfunctions.functions.delete","cloudfunctions.functions.get","cloudfunctions.functions.list","cloudfunctions.functions.update","cloudfunctions.operations.get","datastore.indexes.create","datastore.indexes.delete","datastore.indexes.list","datastore.indexes.update","firebase.projects.get","firebasedatabase.instances.update","firebasehosting.sites.update"]}
[debug] [2024-06-10T01:09:53.820Z] <<< [apiv2][status] POST https://cloudresourcemanager.googleapis.com/v1/projects/searles-website:testIamPermissions 200
[debug] [2024-06-10T01:09:53.821Z] <<< [apiv2][body] POST https://cloudresourcemanager.googleapis.com/v1/projects/searles-website:testIamPermissions {"permissions":["cloudfunctions.functions.create","cloudfunctions.functions.delete","cloudfunctions.functions.get","cloudfunctions.functions.list","cloudfunctions.functions.update","cloudfunctions.operations.get","datastore.indexes.create","datastore.indexes.delete","datastore.indexes.list","datastore.indexes.update","firebase.projects.get","firebasedatabase.instances.update","firebasehosting.sites.update"]}
[debug] [2024-06-10T01:09:53.821Z] >>> [apiv2][query] POST https://iam.googleapis.com/v1/projects/searles-website/serviceAccounts/searles-website@appspot.gserviceaccount.com:testIamPermissions [none]
[debug] [2024-06-10T01:09:53.821Z] >>> [apiv2][body] POST https://iam.googleapis.com/v1/projects/searles-website/serviceAccounts/searles-website@appspot.gserviceaccount.com:testIamPermissions {"permissions":["iam.serviceAccounts.actAs"]}
[debug] [2024-06-10T01:09:54.042Z] <<< [apiv2][status] POST https://iam.googleapis.com/v1/projects/searles-website/serviceAccounts/searles-website@appspot.gserviceaccount.com:testIamPermissions 200
[debug] [2024-06-10T01:09:54.042Z] <<< [apiv2][body] POST https://iam.googleapis.com/v1/projects/searles-website/serviceAccounts/searles-website@appspot.gserviceaccount.com:testIamPermissions {"permissions":["iam.serviceAccounts.actAs"]}
[debug] [2024-06-10T01:09:54.044Z] >>> [apiv2][query] GET https://firebase.googleapis.com/v1beta1/projects/searles-website [none]
[debug] [2024-06-10T01:09:54.257Z] <<< [apiv2][status] GET https://firebase.googleapis.com/v1beta1/projects/searles-website 200
[debug] [2024-06-10T01:09:54.257Z] <<< [apiv2][body] GET https://firebase.googleapis.com/v1beta1/projects/searles-website {"projectId":"searles-website","projectNumber":"674543703314","displayName":"Searles Website","name":"projects/searles-website","resources":{"hostingSite":"searles-website","realtimeDatabaseInstance":"searles-website-default-rtdb","storageBucket":"searles-website.appspot.com","locationId":"us-central"},"state":"ACTIVE","etag":"1_bee50a55-de21-44d6-a45e-c1827b3110b4"}
[debug] [2024-06-10T01:09:54.258Z] >>> [apiv2][query] GET https://firebase.googleapis.com/v1beta1/projects/searles-website [none]
[debug] [2024-06-10T01:09:54.460Z] <<< [apiv2][status] GET https://firebase.googleapis.com/v1beta1/projects/searles-website 200
[debug] [2024-06-10T01:09:54.461Z] <<< [apiv2][body] GET https://firebase.googleapis.com/v1beta1/projects/searles-website {"projectId":"searles-website","projectNumber":"674543703314","displayName":"Searles Website","name":"projects/searles-website","resources":{"hostingSite":"searles-website","realtimeDatabaseInstance":"searles-website-default-rtdb","storageBucket":"searles-website.appspot.com","locationId":"us-central"},"state":"ACTIVE","etag":"1_bee50a55-de21-44d6-a45e-c1827b3110b4"}
[info] 
[info] === Deploying to 'searles-website'...
[info] 
[info] i  deploying database, firestore, functions, hosting 
[info] Running command: npm --prefix "$RESOURCE_DIR" run lint
[info] +  functions: Finished running predeploy script. 
[info] i  database: checking rules syntax... 
[debug] [2024-06-10T01:09:59.275Z] >>> [apiv2][query] GET https://firebasedatabase.googleapis.com/v1beta/projects/searles-website/locations/-/instances/searles-website-default-rtdb [none]
[debug] [2024-06-10T01:09:59.768Z] <<< [apiv2][status] GET https://firebasedatabase.googleapis.com/v1beta/projects/searles-website/locations/-/instances/searles-website-default-rtdb 200
[debug] [2024-06-10T01:09:59.768Z] <<< [apiv2][body] GET https://firebasedatabase.googleapis.com/v1beta/projects/searles-website/locations/-/instances/searles-website-default-rtdb {"name":"projects/674543703314/locations/us-central1/instances/searles-website-default-rtdb","project":"projects/674543703314","databaseUrl":"https://searles-website-default-rtdb.firebaseio.com","type":"DEFAULT_DATABASE","state":"ACTIVE"}
[debug] [2024-06-10T01:09:59.770Z] >>> [apiv2][query] PUT https://searles-website-default-rtdb.firebaseio.com/.settings/rules.json dryRun=true
[debug] [2024-06-10T01:09:59.770Z] >>> [apiv2][body] PUT https://searles-website-default-rtdb.firebaseio.com/.settings/rules.json "{\n  \"rules\": {\n    \".read\": false,\n    \".write\": false\n  }\n}"
[debug] [2024-06-10T01:10:00.017Z] <<< [apiv2][status] PUT https://searles-website-default-rtdb.firebaseio.com/.settings/rules.json 200
[debug] [2024-06-10T01:10:00.017Z] <<< [apiv2][body] PUT https://searles-website-default-rtdb.firebaseio.com/.settings/rules.json {"status":"ok"}
[info] +  database: rules syntax for database searles-website-default-rtdb is valid 
[info] i  firestore: reading indexes from firestore.indexes.json... 
[info] i  cloud.firestore: checking firestore.rules for compilation errors... 
[debug] [2024-06-10T01:10:00.021Z] >>> [apiv2][query] POST https://firebaserules.googleapis.com/v1/projects/searles-website:test [none]
[debug] [2024-06-10T01:10:00.021Z] >>> [apiv2][body] POST https://firebaserules.googleapis.com/v1/projects/searles-website:test [omitted]
[debug] [2024-06-10T01:10:00.544Z] <<< [apiv2][status] POST https://firebaserules.googleapis.com/v1/projects/searles-website:test 200
[debug] [2024-06-10T01:10:00.544Z] <<< [apiv2][body] POST https://firebaserules.googleapis.com/v1/projects/searles-website:test {}
[info] +  cloud.firestore: rules file firestore.rules compiled successfully 
[debug] [2024-06-10T01:10:00.546Z] >>> [apiv2][query] GET https://firebase.googleapis.com/v1beta1/projects/searles-website [none]
[debug] [2024-06-10T01:10:00.823Z] <<< [apiv2][status] GET https://firebase.googleapis.com/v1beta1/projects/searles-website 200
[debug] [2024-06-10T01:10:00.824Z] <<< [apiv2][body] GET https://firebase.googleapis.com/v1beta1/projects/searles-website {"projectId":"searles-website","projectNumber":"674543703314","displayName":"Searles Website","name":"projects/searles-website","resources":{"hostingSite":"searles-website","realtimeDatabaseInstance":"searles-website-default-rtdb","storageBucket":"searles-website.appspot.com","locationId":"us-central"},"state":"ACTIVE","etag":"1_bee50a55-de21-44d6-a45e-c1827b3110b4"}
[info] i  functions: preparing codebase default for deployment 
[info] i  functions: ensuring required API cloudfunctions.googleapis.com is enabled... 
[info] i  functions: ensuring required API cloudbuild.googleapis.com is enabled... 
[info] i  artifactregistry: ensuring required API artifactregistry.googleapis.com is enabled... 
[debug] [2024-06-10T01:10:00.827Z] >>> [apiv2][query] GET https://serviceusage.googleapis.com/v1/projects/searles-website/services/cloudfunctions.googleapis.com [none]
[debug] [2024-06-10T01:10:00.827Z] >>> [apiv2][(partial)header] GET https://serviceusage.googleapis.com/v1/projects/searles-website/services/cloudfunctions.googleapis.com x-goog-quota-user=projects/searles-website
[debug] [2024-06-10T01:10:00.828Z] >>> [apiv2][query] GET https://serviceusage.googleapis.com/v1/projects/searles-website/services/runtimeconfig.googleapis.com [none]
[debug] [2024-06-10T01:10:00.829Z] >>> [apiv2][(partial)header] GET https://serviceusage.googleapis.com/v1/projects/searles-website/services/runtimeconfig.googleapis.com x-goog-quota-user=projects/searles-website
[debug] [2024-06-10T01:10:00.830Z] >>> [apiv2][query] GET https://serviceusage.googleapis.com/v1/projects/searles-website/services/cloudbuild.googleapis.com [none]
[debug] [2024-06-10T01:10:00.830Z] >>> [apiv2][(partial)header] GET https://serviceusage.googleapis.com/v1/projects/searles-website/services/cloudbuild.googleapis.com x-goog-quota-user=projects/searles-website
[debug] [2024-06-10T01:10:00.832Z] >>> [apiv2][query] GET https://serviceusage.googleapis.com/v1/projects/searles-website/services/artifactregistry.googleapis.com [none]
[debug] [2024-06-10T01:10:00.832Z] >>> [apiv2][(partial)header] GET https://serviceusage.googleapis.com/v1/projects/searles-website/services/artifactregistry.googleapis.com x-goog-quota-user=projects/searles-website
[debug] [2024-06-10T01:10:01.369Z] <<< [apiv2][status] GET https://serviceusage.googleapis.com/v1/projects/searles-website/services/artifactregistry.googleapis.com 200
[debug] [2024-06-10T01:10:01.369Z] <<< [apiv2][body] GET https://serviceusage.googleapis.com/v1/projects/searles-website/services/artifactregistry.googleapis.com [omitted]
[warn] !  artifactregistry: missing required API artifactregistry.googleapis.com. Enabling now... 
[debug] [2024-06-10T01:10:01.370Z] >>> [apiv2][query] POST https://serviceusage.googleapis.com/v1/projects/searles-website/services/artifactregistry.googleapis.com:enable [none]
[debug] [2024-06-10T01:10:01.370Z] >>> [apiv2][(partial)header] POST https://serviceusage.googleapis.com/v1/projects/searles-website/services/artifactregistry.googleapis.com:enable x-goog-quota-user=projects/searles-website
[debug] [2024-06-10T01:10:01.377Z] <<< [apiv2][status] GET https://serviceusage.googleapis.com/v1/projects/searles-website/services/cloudbuild.googleapis.com 200
[debug] [2024-06-10T01:10:01.378Z] <<< [apiv2][body] GET https://serviceusage.googleapis.com/v1/projects/searles-website/services/cloudbuild.googleapis.com [omitted]
[warn] !  functions: missing required API cloudbuild.googleapis.com. Enabling now... 
[debug] [2024-06-10T01:10:01.378Z] >>> [apiv2][query] POST https://serviceusage.googleapis.com/v1/projects/searles-website/services/cloudbuild.googleapis.com:enable [none]
[debug] [2024-06-10T01:10:01.378Z] >>> [apiv2][(partial)header] POST https://serviceusage.googleapis.com/v1/projects/searles-website/services/cloudbuild.googleapis.com:enable x-goog-quota-user=projects/searles-website
[debug] [2024-06-10T01:10:01.418Z] <<< [apiv2][status] GET https://serviceusage.googleapis.com/v1/projects/searles-website/services/runtimeconfig.googleapis.com 200
[debug] [2024-06-10T01:10:01.418Z] <<< [apiv2][body] GET https://serviceusage.googleapis.com/v1/projects/searles-website/services/runtimeconfig.googleapis.com [omitted]
[debug] [2024-06-10T01:10:01.421Z] <<< [apiv2][status] GET https://serviceusage.googleapis.com/v1/projects/searles-website/services/cloudfunctions.googleapis.com 200
[debug] [2024-06-10T01:10:01.421Z] <<< [apiv2][body] GET https://serviceusage.googleapis.com/v1/projects/searles-website/services/cloudfunctions.googleapis.com [omitted]
[info] +  functions: required API cloudfunctions.googleapis.com is enabled 
[debug] [2024-06-10T01:10:01.739Z] <<< [apiv2][status] POST https://serviceusage.googleapis.com/v1/projects/searles-website/services/artifactregistry.googleapis.com:enable 200
[debug] [2024-06-10T01:10:01.739Z] <<< [apiv2][body] POST https://serviceusage.googleapis.com/v1/projects/searles-website/services/artifactregistry.googleapis.com:enable [omitted]
[debug] [2024-06-10T01:10:02.138Z] <<< [apiv2][status] POST https://serviceusage.googleapis.com/v1/projects/searles-website/services/cloudbuild.googleapis.com:enable 200
[debug] [2024-06-10T01:10:02.138Z] <<< [apiv2][body] POST https://serviceusage.googleapis.com/v1/projects/searles-website/services/cloudbuild.googleapis.com:enable [omitted]
[debug] [2024-06-10T01:10:11.748Z] >>> [apiv2][query] GET https://serviceusage.googleapis.com/v1/projects/searles-website/services/artifactregistry.googleapis.com [none]
[debug] [2024-06-10T01:10:11.748Z] >>> [apiv2][(partial)header] GET https://serviceusage.googleapis.com/v1/projects/searles-website/services/artifactregistry.googleapis.com x-goog-quota-user=projects/searles-website
[debug] [2024-06-10T01:10:12.141Z] >>> [apiv2][query] GET https://serviceusage.googleapis.com/v1/projects/searles-website/services/cloudbuild.googleapis.com [none]
[debug] [2024-06-10T01:10:12.141Z] >>> [apiv2][(partial)header] GET https://serviceusage.googleapis.com/v1/projects/searles-website/services/cloudbuild.googleapis.com x-goog-quota-user=projects/searles-website
[debug] [2024-06-10T01:10:12.286Z] <<< [apiv2][status] GET https://serviceusage.googleapis.com/v1/projects/searles-website/services/artifactregistry.googleapis.com 200
[debug] [2024-06-10T01:10:12.286Z] <<< [apiv2][body] GET https://serviceusage.googleapis.com/v1/projects/searles-website/services/artifactregistry.googleapis.com [omitted]
[info] +  artifactregistry: required API artifactregistry.googleapis.com is enabled 
[debug] [2024-06-10T01:10:12.436Z] <<< [apiv2][status] GET https://serviceusage.googleapis.com/v1/projects/searles-website/services/cloudbuild.googleapis.com 200
[debug] [2024-06-10T01:10:12.436Z] <<< [apiv2][body] GET https://serviceusage.googleapis.com/v1/projects/searles-website/services/cloudbuild.googleapis.com [omitted]
[info] +  functions: required API cloudbuild.googleapis.com is enabled 
[debug] [2024-06-10T01:10:12.439Z] >>> [apiv2][query] GET https://firebase.googleapis.com/v1beta1/projects/searles-website/adminSdkConfig [none]
[debug] [2024-06-10T01:10:12.773Z] <<< [apiv2][status] GET https://firebase.googleapis.com/v1beta1/projects/searles-website/adminSdkConfig 200
[debug] [2024-06-10T01:10:12.773Z] <<< [apiv2][body] GET https://firebase.googleapis.com/v1beta1/projects/searles-website/adminSdkConfig {"projectId":"searles-website","databaseURL":"https://searles-website-default-rtdb.firebaseio.com","storageBucket":"searles-website.appspot.com","locationId":"us-central"}
[debug] [2024-06-10T01:10:12.773Z] >>> [apiv2][query] GET https://runtimeconfig.googleapis.com/v1beta1/projects/searles-website/configs [none]
[debug] [2024-06-10T01:10:13.095Z] <<< [apiv2][status] GET https://runtimeconfig.googleapis.com/v1beta1/projects/searles-website/configs 200
[debug] [2024-06-10T01:10:13.095Z] <<< [apiv2][body] GET https://runtimeconfig.googleapis.com/v1beta1/projects/searles-website/configs {}
[debug] [2024-06-10T01:10:13.098Z] Validating nodejs source
[debug] [2024-06-10T01:10:16.683Z] > [functions] package.json contents: {
  "name": "functions",
  "description": "Cloud Functions for Firebase",
  "scripts": {
    "lint": "eslint .",
    "serve": "firebase emulators:start --only functions",
    "shell": "firebase functions:shell",
    "start": "npm run shell",
    "deploy": "firebase deploy --only functions",
    "logs": "firebase functions:log"
  },
  "engines": {
    "node": "18"
  },
  "main": "index.js",
  "dependencies": {
    "firebase-admin": "^12.1.0",
    "firebase-functions": "^5.0.0"
  },
  "devDependencies": {
    "eslint": "^8.15.0",
    "eslint-config-google": "^0.14.0",
    "firebase-functions-test": "^3.1.0"
  },
  "private": true
}
[debug] [2024-06-10T01:10:16.683Z] Building nodejs source
[info] i  functions: Loading and analyzing source code for codebase default to determine what to deploy 
[debug] [2024-06-10T01:10:16.685Z] Could not find functions.yaml. Must use http discovery
[debug] [2024-06-10T01:10:16.697Z] Found firebase-functions binary at 'C:\Users\aaron\Baseball Website\searlesbaseballwebsite\functions\node_modules\.bin\firebase-functions'
[debug] [2024-06-10T01:10:16.814Z] Error: spawn UNKNOWN
    at ChildProcess.spawn (node:internal/child_process:413:11)
    at Object.spawn (node:child_process:757:9)
    at spawn (C:\Users\aaron\AppData\Roaming\npm\node_modules\firebase-tools\node_modules\cross-spawn\index.js:12:24)
    at Delegate.serveAdmin (C:\Users\aaron\AppData\Roaming\npm\node_modules\firebase-tools\lib\deploy\functions\runtimes\node\index.js:115:38)
    at Delegate.discoverBuild (C:\Users\aaron\AppData\Roaming\npm\node_modules\firebase-tools\lib\deploy\functions\runtimes\node\index.js:163:37)
    at process.processTicksAndRejections (node:internal/process/task_queues:95:5)
    at async loadCodebases (C:\Users\aaron\AppData\Roaming\npm\node_modules\firebase-tools\lib\deploy\functions\prepare.js:306:32)
    at async prepare (C:\Users\aaron\AppData\Roaming\npm\node_modules\firebase-tools\lib\deploy\functions\prepare.js:57:24)
    at async chain (C:\Users\aaron\AppData\Roaming\npm\node_modules\firebase-tools\lib\deploy\index.js:40:9)
    at async deploy (C:\Users\aaron\AppData\Roaming\npm\node_modules\firebase-tools\lib\deploy\index.js:97:5)
[error] 
[error] Error: An unexpected error has occurred.
